<?xml version="1.0" encoding="UTF-8"?>
<testsuite name="com.library.app.category.services.impl.CategoryServicesUTest" time="0.592" tests="15" errors="0" skipped="0" failures="0">
  <properties>
[...]
</properties>
  <testcase name="updateWithShortName" classname="com.library.app.category.services.impl.CategoryServicesUTest" time="0.491"/>
  <testcase name="updateCategoryNotFound" classname="com.library.app.category.services.impl.CategoryServicesUTest" time="0.023"/>
  <testcase name="findAllNoCategories" classname="com.library.app.category.services.impl.CategoryServicesUTest" time="0.003"/>
  <testcase name="addCategoryWithShortName" classname="com.library.app.category.services.impl.CategoryServicesUTest" time="0.01"/>
  <testcase name="addValidCategory" classname="com.library.app.category.services.impl.CategoryServicesUTest" time="0.008"/>
  <testcase name="updateValidCategory" classname="com.library.app.category.services.impl.CategoryServicesUTest" time="0.014"/>
  <testcase name="updateWithLongName" classname="com.library.app.category.services.impl.CategoryServicesUTest" time="0.007"/>
  <testcase name="findAllCategories" classname="com.library.app.category.services.impl.CategoryServicesUTest" time="0.002"/>
  <testcase name="updateWithNullName" classname="com.library.app.category.services.impl.CategoryServicesUTest" time="0.007"/>
  <testcase name="findCategoryById" classname="com.library.app.category.services.impl.CategoryServicesUTest" time="0.003"/>
  <testcase name="addCategoryWithLongName" classname="com.library.app.category.services.impl.CategoryServicesUTest" time="0.009"/>
  <testcase name="addCategoryWithExistentName" classname="com.library.app.category.services.impl.CategoryServicesUTest" time="0.007"/>
  <testcase name="addCategoryWithNullName" classname="com.library.app.category.services.impl.CategoryServicesUTest" time="0.001"/>
  <testcase name="updateCategoryWithExistentName" classname="com.library.app.category.services.impl.CategoryServicesUTest" time="0.004"/>
  <testcase name="findCategoryByIdNotFound" classname="com.library.app.category.services.impl.CategoryServicesUTest" time="0.003"/>
</testsuite>