<?xml version="1.0" encoding="UTF-8"?>
<testsuite name="com.library.app.category.repository.CategoryRepositoryUTest" time="3.477" tests="9" errors="0" skipped="0" failures="0">
  <properties>
[...]
</properties>
  <testcase name="findCategoryByIdWithNullId" classname="com.library.app.category.repository.CategoryRepositoryUTest" time="1.797"/>
  <testcase name="alreadyExistsForAdd" classname="com.library.app.category.repository.CategoryRepositoryUTest" time="0.651"/>
  <testcase name="addCategoryAndFindIt" classname="com.library.app.category.repository.CategoryRepositoryUTest" time="0.168"/>
  <testcase name="alreadyExistsCategoryWithId" classname="com.library.app.category.repository.CategoryRepositoryUTest" time="0.163"/>
  <testcase name="findAllCategories" classname="com.library.app.category.repository.CategoryRepositoryUTest" time="0.135"/>
  <testcase name="check" classname="com.library.app.category.repository.CategoryRepositoryUTest" time="0.173"/>
  <testcase name="existsById" classname="com.library.app.category.repository.CategoryRepositoryUTest" time="0.127"/>
  <testcase name="updateCategory" classname="com.library.app.category.repository.CategoryRepositoryUTest" time="0.15"/>
  <testcase name="findCategoryByIdNotFound" classname="com.library.app.category.repository.CategoryRepositoryUTest" time="0.113"/>
</testsuite>